   ▲ Next.js 15.5.6

   Creating an optimized production build ...
 ✓ Compiled successfully in 2.7s
   Linting and checking validity of types ...
 ⨯ ESLint must be installed in order to run during builds: pnpm install --save-dev eslint
   Collecting page data ...
   Generating static pages (0/11) ...
   Generating static pages (2/11) 
   Generating static pages (5/11) 
   Generating static pages (8/11) 
 ✓ Generating static pages (11/11)
   Finalizing page optimization ...
   Collecting build traces ...
   Exporting (0/2) ...
 ✓ Exporting (2/2)

Route (app)                                 Size  First Load JS
┌ ○ /                                    6.52 kB         122 kB
├ ○ /_not-found                            995 B         103 kB
├ ○ /calendar                            2.81 kB         118 kB
├ ○ /documents                           2.81 kB         118 kB
├ ○ /login                               1.97 kB         114 kB
├ ○ /messages                            2.81 kB         118 kB
├ ○ /register                            2.35 kB         114 kB
└ ○ /team                                2.81 kB         118 kB
+ First Load JS shared by all             102 kB
  ├ chunks/255-49c91170bc36ffcc.js       46.1 kB
  ├ chunks/4bd1b696-c023c6e3521b1417.js  54.4 kB
  └ other shared chunks (total)          1.93 kB


○  (Static)  prerendered as static content

